▲ Next.js 16.1.6
- Local:         http://127.0.0.1:3005
- Network:       http://127.0.0.1:3005

✓ Starting...
✓ Ready in 692ms
Gmail status error: SqliteError: near "FROM": syntax error
    at Object.first (C:\Users\riley\Documents\Playground\.next\server\app\api\agent\jobs\[id]\heartbeat\route.js:1:12193)
    at F (C:\Users\riley\Documents\Playground\.next\server\chunks\4564.js:1:14487)
    at Object.findUnique (C:\Users\riley\Documents\Playground\.next\server\chunks\4564.js:1:16479)
    at async p (C:\Users\riley\Documents\Playground\.next\server\chunks\7864.js:51:3590)
    at async D (C:\Users\riley\Documents\Playground\.next\server\chunks\7864.js:51:9249)
    at async z (C:\Users\riley\Documents\Playground\.next\server\app\api\outreach\gmail\status\route.js:1:1589)
    at async k (C:\Users\riley\Documents\Playground\.next\server\app\api\outreach\gmail\status\route.js:1:5203) {
  code: 'SQLITE_ERROR'
}
Gmail status error: SqliteError: near "FROM": syntax error
    at Object.first (C:\Users\riley\Documents\Playground\.next\server\app\api\agent\jobs\[id]\heartbeat\route.js:1:12193)
    at F (C:\Users\riley\Documents\Playground\.next\server\chunks\4564.js:1:14487)
    at Object.findUnique (C:\Users\riley\Documents\Playground\.next\server\chunks\4564.js:1:16479)
    at async p (C:\Users\riley\Documents\Playground\.next\server\chunks\7864.js:51:3590)
    at async D (C:\Users\riley\Documents\Playground\.next\server\chunks\7864.js:51:9249)
    at async z (C:\Users\riley\Documents\Playground\.next\server\app\api\outreach\gmail\status\route.js:1:1589)
    at async k (C:\Users\riley\Documents\Playground\.next\server\app\api\outreach\gmail\status\route.js:1:5203) {
  code: 'SQLITE_ERROR'
}
^C